{
  "stats": {
    "suites": 1,
    "tests": 2,
    "passes": 2,
    "pending": 0,
    "failures": 0,
    "start": "2020-03-05T00:32:09.187Z",
    "end": "2020-03-05T00:32:30.177Z",
    "duration": 20990,
    "testsRegistered": 2,
    "passPercent": 100,
    "pendingPercent": 0,
    "other": 0,
    "hasOther": false,
    "skipped": 0,
    "hasSkipped": false
  },
  "results": [
    {
      "uuid": "1ea46d41-4c31-4153-bfa1-c0e0ab675930",
      "title": "",
      "fullFile": "",
      "file": "",
      "beforeHooks": [],
      "afterHooks": [],
      "tests": [],
      "suites": [
        {
          "uuid": "2e6feb8f-7e3d-4254-92d0-7d54148965ce",
          "title": "Google search automated testing",
          "fullFile": "C:\\Users\\juanjose.cano\\Documents\\node\\automation\\test\\homePage.test.js",
          "file": "\\test\\homePage.test.js",
          "beforeHooks": [
            {
              "title": "\"before each\" hook",
              "fullTitle": "Google search automated testing \"before each\" hook",
              "timedOut": false,
              "duration": 8355,
              "state": null,
              "speed": null,
              "pass": false,
              "fail": false,
              "pending": false,
              "context": null,
              "code": "page = new Page()\ndriver = page.driver\nawait page.visit('https://www.google.com/')",
              "err": {},
              "uuid": "4ee44f0f-7366-45f2-9f94-fa86cfbf37b4",
              "parentUUID": "2e6feb8f-7e3d-4254-92d0-7d54148965ce",
              "isHook": true,
              "skipped": false
            }
          ],
          "afterHooks": [
            {
              "title": "\"after each\" hook",
              "fullTitle": "Google search automated testing \"after each\" hook",
              "timedOut": false,
              "duration": 53,
              "state": null,
              "speed": null,
              "pass": false,
              "fail": false,
              "pending": false,
              "context": null,
              "code": "await page.quit()",
              "err": {},
              "uuid": "316d9b97-986a-4f7f-bfc1-957e41e16cc5",
              "parentUUID": "2e6feb8f-7e3d-4254-92d0-7d54148965ce",
              "isHook": true,
              "skipped": false
            }
          ],
          "tests": [
            {
              "title": "find the input box and google search button",
              "fullTitle": "Google search automated testing find the input box and google search button",
              "timedOut": false,
              "duration": 58,
              "state": "passed",
              "speed": "medium",
              "pass": true,
              "fail": false,
              "pending": false,
              "context": null,
              "code": "const result = await page.findInputAndButton()\nexpect(result.inputEnabled).to.equal(true)\nexpect(result.buttonText).to.include('Google')",
              "err": {},
              "uuid": "cd1fb6c6-fa34-4b20-9074-6aefdc672585",
              "parentUUID": "2e6feb8f-7e3d-4254-92d0-7d54148965ce",
              "isHook": false,
              "skipped": false
            },
            {
              "title": "put keyword in search box and click search button",
              "fullTitle": "Google search automated testing put keyword in search box and click search button",
              "timedOut": false,
              "duration": 1998,
              "state": "passed",
              "speed": "slow",
              "pass": true,
              "fail": false,
              "pending": false,
              "context": null,
              "code": "const result = await page.submitKeywordAndGetResult();\nexpect(result.length).to.be.above(10)",
              "err": {},
              "uuid": "0af48b08-5a56-42a2-ae0e-ba8de6f5d8c4",
              "parentUUID": "2e6feb8f-7e3d-4254-92d0-7d54148965ce",
              "isHook": false,
              "skipped": false
            }
          ],
          "suites": [],
          "passes": [
            "cd1fb6c6-fa34-4b20-9074-6aefdc672585",
            "0af48b08-5a56-42a2-ae0e-ba8de6f5d8c4"
          ],
          "failures": [],
          "pending": [],
          "skipped": [],
          "duration": 2056,
          "root": false,
          "rootEmpty": false,
          "_timeout": 50000
        }
      ],
      "passes": [],
      "failures": [],
      "pending": [],
      "skipped": [],
      "duration": 0,
      "root": true,
      "rootEmpty": true,
      "_timeout": 2000
    }
  ],
  "meta": {
    "mocha": {
      "version": "7.0.1"
    },
    "mochawesome": {
      "options": {
        "quiet": false,
        "reportFilename": "mochawesome",
        "saveHtml": true,
        "saveJson": true,
        "consoleReporter": "spec",
        "useInlineDiffs": false
      },
      "version": "4.1.0"
    },
    "marge": {
      "options": {
        "autoOpen": "true"
      },
      "version": "4.1.0"
    }
  }
}